{
  "stats": {
    "suites": 9,
    "tests": 23,
    "passes": 23,
    "pending": 0,
    "failures": 0,
    "start": "2023-06-04T18:43:30.171Z",
    "end": "2023-06-04T18:43:32.242Z",
    "duration": 2071,
    "testsRegistered": 23,
    "passPercent": 100,
    "pendingPercent": 0,
    "other": 0,
    "hasOther": false,
    "skipped": 0,
    "hasSkipped": false
  },
  "results": [
    {
      "uuid": "986e2c3c-a693-4e72-be08-df75ab5a5356",
      "title": "",
      "fullFile": "",
      "file": "",
      "beforeHooks": [],
      "afterHooks": [],
      "tests": [],
      "suites": [
        {
          "uuid": "62f3fc79-0f57-45b8-92d9-fcf4a531969a",
          "title": "Task Api",
          "fullFile": "D:\\nodejs\\2023\\TESTING UNIT\\03062023\\test\\api.js",
          "file": "\\test\\api.js",
          "beforeHooks": [],
          "afterHooks": [],
          "tests": [
            {
              "title": "get user data",
              "fullTitle": "Task Api get user data",
              "timedOut": false,
              "duration": 20,
              "state": "passed",
              "speed": "fast",
              "pass": true,
              "fail": false,
              "pending": false,
              "context": null,
              "code": "chai.request(Server)\n.get('/user')\n.end((err, response)=>{\n   expect(response.status).to.be.equal(200);\n   expect(response.body).to.have.all.keys('data', 'statusText');\n   done();\n})",
              "err": {},
              "uuid": "483fd2f0-c319-40d5-b954-7af0125b6f05",
              "parentUUID": "62f3fc79-0f57-45b8-92d9-fcf4a531969a",
              "isHook": false,
              "skipped": false
            }
          ],
          "suites": [],
          "passes": [
            "483fd2f0-c319-40d5-b954-7af0125b6f05"
          ],
          "failures": [],
          "pending": [],
          "skipped": [],
          "duration": 20,
          "root": false,
          "rootEmpty": false,
          "_timeout": 2000
        },
        {
          "uuid": "4120fb8b-cd2d-4d70-a35b-47245a50380f",
          "title": "Aspect check IT",
          "fullFile": "D:\\nodejs\\2023\\TESTING UNIT\\03062023\\test\\chai.js",
          "file": "\\test\\chai.js",
          "beforeHooks": [],
          "afterHooks": [],
          "tests": [
            {
              "title": "check string data",
              "fullTitle": "Aspect check IT check string data",
              "timedOut": false,
              "duration": 0,
              "state": "passed",
              "speed": "fast",
              "pass": true,
              "fail": false,
              "pending": false,
              "context": null,
              "code": "assert.typeOf(userName, 'string');",
              "err": {},
              "uuid": "22a4fba6-9b35-43cb-8520-a095a7fab337",
              "parentUUID": "4120fb8b-cd2d-4d70-a35b-47245a50380f",
              "isHook": false,
              "skipped": false
            },
            {
              "title": "check string equal",
              "fullTitle": "Aspect check IT check string equal",
              "timedOut": false,
              "duration": 0,
              "state": "passed",
              "speed": "fast",
              "pass": true,
              "fail": false,
              "pending": false,
              "context": null,
              "code": "assert.equal(userName, 'code improve');",
              "err": {},
              "uuid": "17de86db-5c7f-45f1-87c2-68d35a8d4a58",
              "parentUUID": "4120fb8b-cd2d-4d70-a35b-47245a50380f",
              "isHook": false,
              "skipped": false
            },
            {
              "title": "length match match  ",
              "fullTitle": "Aspect check IT length match match  ",
              "timedOut": false,
              "duration": 1,
              "state": "passed",
              "speed": "fast",
              "pass": true,
              "fail": false,
              "pending": false,
              "context": null,
              "code": "assert.lengthOf(mylist.item,1);",
              "err": {},
              "uuid": "0c9e4bd1-54d2-43f6-bea3-e69ba121d944",
              "parentUUID": "4120fb8b-cd2d-4d70-a35b-47245a50380f",
              "isHook": false,
              "skipped": false
            }
          ],
          "suites": [],
          "passes": [
            "22a4fba6-9b35-43cb-8520-a095a7fab337",
            "17de86db-5c7f-45f1-87c2-68d35a8d4a58",
            "0c9e4bd1-54d2-43f6-bea3-e69ba121d944"
          ],
          "failures": [],
          "pending": [],
          "skipped": [],
          "duration": 1,
          "root": false,
          "rootEmpty": false,
          "_timeout": 2000
        },
        {
          "uuid": "49160519-1392-4553-b83d-e42b85459cad",
          "title": "Aspect check IT",
          "fullFile": "D:\\nodejs\\2023\\TESTING UNIT\\03062023\\test\\chai.js",
          "file": "\\test\\chai.js",
          "beforeHooks": [],
          "afterHooks": [],
          "tests": [
            {
              "title": "check string",
              "fullTitle": "Aspect check IT check string",
              "timedOut": false,
              "duration": 0,
              "state": "passed",
              "speed": "fast",
              "pass": true,
              "fail": false,
              "pending": false,
              "context": null,
              "code": "userName.should.be.a('string');",
              "err": {},
              "uuid": "3ac2d26b-63ba-40d8-b2f7-2dde5200e067",
              "parentUUID": "49160519-1392-4553-b83d-e42b85459cad",
              "isHook": false,
              "skipped": false
            },
            {
              "title": "check equal",
              "fullTitle": "Aspect check IT check equal",
              "timedOut": false,
              "duration": 0,
              "state": "passed",
              "speed": "fast",
              "pass": true,
              "fail": false,
              "pending": false,
              "context": null,
              "code": "userName.should.equal('process');",
              "err": {},
              "uuid": "c47169a1-0f95-4e0e-b7b2-0ee3a87b698f",
              "parentUUID": "49160519-1392-4553-b83d-e42b85459cad",
              "isHook": false,
              "skipped": false
            },
            {
              "title": "length check",
              "fullTitle": "Aspect check IT length check",
              "timedOut": false,
              "duration": 0,
              "state": "passed",
              "speed": "fast",
              "pass": true,
              "fail": false,
              "pending": false,
              "context": null,
              "code": "mylist.should.have.property('item').with.lengthOf(1);",
              "err": {},
              "uuid": "cb025ec0-190b-47e8-9136-fb36a9210eb6",
              "parentUUID": "49160519-1392-4553-b83d-e42b85459cad",
              "isHook": false,
              "skipped": false
            }
          ],
          "suites": [],
          "passes": [
            "3ac2d26b-63ba-40d8-b2f7-2dde5200e067",
            "c47169a1-0f95-4e0e-b7b2-0ee3a87b698f",
            "cb025ec0-190b-47e8-9136-fb36a9210eb6"
          ],
          "failures": [],
          "pending": [],
          "skipped": [],
          "duration": 0,
          "root": false,
          "rootEmpty": false,
          "_timeout": 2000
        },
        {
          "uuid": "81db5b17-f85b-44fd-a2b8-e3bd133f3654",
          "title": "check expect",
          "fullFile": "D:\\nodejs\\2023\\TESTING UNIT\\03062023\\test\\chai.js",
          "file": "\\test\\chai.js",
          "beforeHooks": [],
          "afterHooks": [],
          "tests": [
            {
              "title": "string match",
              "fullTitle": "check expect string match",
              "timedOut": false,
              "duration": 0,
              "state": "passed",
              "speed": "fast",
              "pass": true,
              "fail": false,
              "pending": false,
              "context": null,
              "code": "expect(userName).to.be.a('string');",
              "err": {},
              "uuid": "338ca145-3afd-4ad9-b076-2b0cac4269ce",
              "parentUUID": "81db5b17-f85b-44fd-a2b8-e3bd133f3654",
              "isHook": false,
              "skipped": false
            },
            {
              "title": "equal match String",
              "fullTitle": "check expect equal match String",
              "timedOut": false,
              "duration": 0,
              "state": "passed",
              "speed": "fast",
              "pass": true,
              "fail": false,
              "pending": false,
              "context": null,
              "code": "expect(userName).to.equal('process');",
              "err": {},
              "uuid": "7f1fbf3e-cdb3-44b6-9220-8f0a7e982f62",
              "parentUUID": "81db5b17-f85b-44fd-a2b8-e3bd133f3654",
              "isHook": false,
              "skipped": false
            },
            {
              "title": "EXPECT length match",
              "fullTitle": "check expect EXPECT length match",
              "timedOut": false,
              "duration": 0,
              "state": "passed",
              "speed": "fast",
              "pass": true,
              "fail": false,
              "pending": false,
              "context": null,
              "code": "expect(userName).to.lengthOf(7);",
              "err": {},
              "uuid": "6574c4c0-d520-47a2-8043-0ee84858480d",
              "parentUUID": "81db5b17-f85b-44fd-a2b8-e3bd133f3654",
              "isHook": false,
              "skipped": false
            },
            {
              "title": "object length",
              "fullTitle": "check expect object length",
              "timedOut": false,
              "duration": 0,
              "state": "passed",
              "speed": "fast",
              "pass": true,
              "fail": false,
              "pending": false,
              "context": null,
              "code": "expect(mylist).to.have.property('item').with.length(1);",
              "err": {},
              "uuid": "4b31eba1-452a-4a88-839b-2e1b56ce520b",
              "parentUUID": "81db5b17-f85b-44fd-a2b8-e3bd133f3654",
              "isHook": false,
              "skipped": false
            },
            {
              "title": "api object math",
              "fullTitle": "check expect api object math",
              "timedOut": false,
              "duration": 0,
              "state": "passed",
              "speed": "fast",
              "pass": true,
              "fail": false,
              "pending": false,
              "context": null,
              "code": "expect(mylist).to.have.all.keys('item','title','adress')",
              "err": {},
              "uuid": "4df200ae-d887-4f2a-9e06-2bb576ad28ba",
              "parentUUID": "81db5b17-f85b-44fd-a2b8-e3bd133f3654",
              "isHook": false,
              "skipped": false
            },
            {
              "title": "phone no",
              "fullTitle": "check expect phone no",
              "timedOut": false,
              "duration": 1,
              "state": "passed",
              "speed": "fast",
              "pass": true,
              "fail": false,
              "pending": false,
              "context": null,
              "code": "expect(mylist).to.have.nested.property('adress.phoneNo[1]')",
              "err": {},
              "uuid": "5853bdfb-c2f1-4d3b-a5fe-3a0b6f759542",
              "parentUUID": "81db5b17-f85b-44fd-a2b8-e3bd133f3654",
              "isHook": false,
              "skipped": false
            },
            {
              "title": "country check",
              "fullTitle": "check expect country check",
              "timedOut": false,
              "duration": 0,
              "state": "passed",
              "speed": "fast",
              "pass": true,
              "fail": false,
              "pending": false,
              "context": null,
              "code": "expect(mylist).to.have.nested.include({'adress.country':'india'})",
              "err": {},
              "uuid": "459a263d-197a-4ac9-acf9-c793b2e7becc",
              "parentUUID": "81db5b17-f85b-44fd-a2b8-e3bd133f3654",
              "isHook": false,
              "skipped": false
            }
          ],
          "suites": [],
          "passes": [
            "338ca145-3afd-4ad9-b076-2b0cac4269ce",
            "7f1fbf3e-cdb3-44b6-9220-8f0a7e982f62",
            "6574c4c0-d520-47a2-8043-0ee84858480d",
            "4b31eba1-452a-4a88-839b-2e1b56ce520b",
            "4df200ae-d887-4f2a-9e06-2bb576ad28ba",
            "5853bdfb-c2f1-4d3b-a5fe-3a0b6f759542",
            "459a263d-197a-4ac9-acf9-c793b2e7becc"
          ],
          "failures": [],
          "pending": [],
          "skipped": [],
          "duration": 1,
          "root": false,
          "rootEmpty": false,
          "_timeout": 2000
        },
        {
          "uuid": "bc59cbee-6cec-4f94-a69b-f0d3425bef21",
          "title": "-----------------------promise-------------------------",
          "fullFile": "D:\\nodejs\\2023\\TESTING UNIT\\03062023\\test\\promise.js",
          "file": "\\test\\promise.js",
          "beforeHooks": [],
          "afterHooks": [],
          "tests": [
            {
              "title": "test user function",
              "fullTitle": "-----------------------promise------------------------- test user function",
              "timedOut": false,
              "duration": 0,
              "state": "passed",
              "speed": "fast",
              "pass": true,
              "fail": false,
              "pending": false,
              "context": null,
              "code": "expect(studentObject.userId()).to.be.equal(12);",
              "err": {},
              "uuid": "12b938c5-6900-40a2-bce4-65cad2f8b33f",
              "parentUUID": "bc59cbee-6cec-4f94-a69b-f0d3425bef21",
              "isHook": false,
              "skipped": false
            },
            {
              "title": "check normal value function",
              "fullTitle": "-----------------------promise------------------------- check normal value function",
              "timedOut": false,
              "duration": 1008,
              "state": "passed",
              "speed": "slow",
              "pass": true,
              "fail": false,
              "pending": false,
              "context": null,
              "code": "studentObject.dbData().then(function(result){\n               expect(result).to.be.equal(10)\n               done();\n        })",
              "err": {},
              "uuid": "4ee56a3b-c8b8-41bd-a680-bf071f8cd9b9",
              "parentUUID": "bc59cbee-6cec-4f94-a69b-f0d3425bef21",
              "isHook": false,
              "skipped": false
            },
            {
              "title": "check chai promised value function",
              "fullTitle": "-----------------------promise------------------------- check chai promised value function",
              "timedOut": false,
              "duration": 1004,
              "state": "passed",
              "speed": "slow",
              "pass": true,
              "fail": false,
              "pending": false,
              "context": null,
              "code": "return expect(studentObject.dbData()).to.eventually.equal(10)",
              "err": {},
              "uuid": "47c58138-c7f2-43c4-ae89-261df0e7e65a",
              "parentUUID": "bc59cbee-6cec-4f94-a69b-f0d3425bef21",
              "isHook": false,
              "skipped": false
            },
            {
              "title": "OTP function",
              "fullTitle": "-----------------------promise------------------------- OTP function",
              "timedOut": false,
              "duration": 1,
              "state": "passed",
              "speed": "fast",
              "pass": true,
              "fail": false,
              "pending": false,
              "context": null,
              "code": "this.timeout(0);\n       return expect(userCtrl.newsData()).to.eventually.have.deep.property('opt');",
              "err": {},
              "uuid": "52432e67-ea55-4a30-8c04-4e8f419ab52b",
              "parentUUID": "bc59cbee-6cec-4f94-a69b-f0d3425bef21",
              "isHook": false,
              "skipped": false
            }
          ],
          "suites": [],
          "passes": [
            "12b938c5-6900-40a2-bce4-65cad2f8b33f",
            "4ee56a3b-c8b8-41bd-a680-bf071f8cd9b9",
            "47c58138-c7f2-43c4-ae89-261df0e7e65a",
            "52432e67-ea55-4a30-8c04-4e8f419ab52b"
          ],
          "failures": [],
          "pending": [],
          "skipped": [],
          "duration": 2013,
          "root": false,
          "rootEmpty": false,
          "_timeout": 2000
        },
        {
          "uuid": "cc3acd8d-bb34-4c98-910d-9a8387962f6f",
          "title": "-----------------------spa-------------------------",
          "fullFile": "D:\\nodejs\\2023\\TESTING UNIT\\03062023\\test\\spay.js",
          "file": "\\test\\spay.js",
          "beforeHooks": [],
          "afterHooks": [],
          "tests": [
            {
              "title": "test user function",
              "fullTitle": "-----------------------spa------------------------- test user function",
              "timedOut": false,
              "duration": 1,
              "state": "passed",
              "speed": "fast",
              "pass": true,
              "fail": false,
              "pending": false,
              "context": null,
              "code": "expect(studentObject.userId()).to.be.equal(12);",
              "err": {},
              "uuid": "0349914d-c35b-49f1-bb15-6f2dc6b8c69b",
              "parentUUID": "cc3acd8d-bb34-4c98-910d-9a8387962f6f",
              "isHook": false,
              "skipped": false
            },
            {
              "title": "function argument check",
              "fullTitle": "-----------------------spa------------------------- function argument check",
              "timedOut": false,
              "duration": 2,
              "state": "passed",
              "speed": "fast",
              "pass": true,
              "fail": false,
              "pending": false,
              "context": null,
              "code": "var spaObj = sinon.spy(studentObject, 'getInfor')\nstudentObject.home(12);\n       expect(spaObj.calledWith(12,1)).to.be.true;",
              "err": {},
              "uuid": "e48916ca-71dd-47b6-af2a-c9b041aaf430",
              "parentUUID": "cc3acd8d-bb34-4c98-910d-9a8387962f6f",
              "isHook": false,
              "skipped": false
            }
          ],
          "suites": [],
          "passes": [
            "0349914d-c35b-49f1-bb15-6f2dc6b8c69b",
            "e48916ca-71dd-47b6-af2a-c9b041aaf430"
          ],
          "failures": [],
          "pending": [],
          "skipped": [],
          "duration": 3,
          "root": false,
          "rootEmpty": false,
          "_timeout": 2000
        },
        {
          "uuid": "5b1cc071-ec8e-4bc4-a1e6-6c34156fdd1a",
          "title": "Array",
          "fullFile": "D:\\nodejs\\2023\\TESTING UNIT\\03062023\\test\\test.js",
          "file": "\\test\\test.js",
          "beforeHooks": [],
          "afterHooks": [],
          "tests": [],
          "suites": [
            {
              "uuid": "3a5a87fc-4bcd-4de3-9745-3b7dc22f9560",
              "title": "#indexOf()",
              "fullFile": "D:\\nodejs\\2023\\TESTING UNIT\\03062023\\test\\test.js",
              "file": "\\test\\test.js",
              "beforeHooks": [],
              "afterHooks": [],
              "tests": [
                {
                  "title": "should return -1 when the value is not present",
                  "fullTitle": "Array #indexOf() should return -1 when the value is not present",
                  "timedOut": false,
                  "duration": 1,
                  "state": "passed",
                  "speed": "fast",
                  "pass": true,
                  "fail": false,
                  "pending": false,
                  "context": null,
                  "code": "assert.equal([1, 2, 3].indexOf(3), 2);",
                  "err": {},
                  "uuid": "7554fa96-c055-41fb-9f92-4f043a9c2d23",
                  "parentUUID": "3a5a87fc-4bcd-4de3-9745-3b7dc22f9560",
                  "isHook": false,
                  "skipped": false
                }
              ],
              "suites": [],
              "passes": [
                "7554fa96-c055-41fb-9f92-4f043a9c2d23"
              ],
              "failures": [],
              "pending": [],
              "skipped": [],
              "duration": 1,
              "root": false,
              "rootEmpty": false,
              "_timeout": 2000
            }
          ],
          "passes": [],
          "failures": [],
          "pending": [],
          "skipped": [],
          "duration": 0,
          "root": false,
          "rootEmpty": false,
          "_timeout": 2000
        },
        {
          "uuid": "9cbb2a57-95a8-456c-89d4-550630cb5bd0",
          "title": "my first test live case",
          "fullFile": "D:\\nodejs\\2023\\TESTING UNIT\\03062023\\test\\test.js",
          "file": "\\test\\test.js",
          "beforeHooks": [],
          "afterHooks": [],
          "tests": [
            {
              "title": "value check",
              "fullTitle": "my first test live case value check",
              "timedOut": false,
              "duration": 0,
              "state": "passed",
              "speed": "fast",
              "pass": true,
              "fail": false,
              "pending": false,
              "context": null,
              "code": "assert.equal([1, 2, 3].indexOf(3), 2);",
              "err": {},
              "uuid": "fa73699d-187e-48d2-9666-7b4447427c60",
              "parentUUID": "9cbb2a57-95a8-456c-89d4-550630cb5bd0",
              "isHook": false,
              "skipped": false
            },
            {
              "title": "value check 2",
              "fullTitle": "my first test live case value check 2",
              "timedOut": false,
              "duration": 0,
              "state": "passed",
              "speed": "fast",
              "pass": true,
              "fail": false,
              "pending": false,
              "context": null,
              "code": "assert.equal([1, 2, 3].indexOf(2), 1);",
              "err": {},
              "uuid": "0430eca3-b696-4079-b352-0b1a8d574ac1",
              "parentUUID": "9cbb2a57-95a8-456c-89d4-550630cb5bd0",
              "isHook": false,
              "skipped": false
            }
          ],
          "suites": [],
          "passes": [
            "fa73699d-187e-48d2-9666-7b4447427c60",
            "0430eca3-b696-4079-b352-0b1a8d574ac1"
          ],
          "failures": [],
          "pending": [],
          "skipped": [],
          "duration": 0,
          "root": false,
          "rootEmpty": false,
          "_timeout": 2000
        }
      ],
      "passes": [],
      "failures": [],
      "pending": [],
      "skipped": [],
      "duration": 0,
      "root": true,
      "rootEmpty": true,
      "_timeout": 2000
    }
  ],
  "meta": {
    "mocha": {
      "version": "10.2.0"
    },
    "mochawesome": {
      "options": {
        "quiet": false,
        "reportFilename": "mochawesome",
        "saveHtml": true,
        "saveJson": true,
        "consoleReporter": "spec",
        "useInlineDiffs": false,
        "code": true
      },
      "version": "7.1.3"
    },
    "marge": {
      "options": null,
      "version": "6.2.0"
    }
  }
}